     1                                  ; hello4.asm
     2                                  section .extern
     3                                  	extern	printf			; External function printf
     4                                  
     5                                  
     6                                  section .data
     7 00000000 54686973206973206F-     	fmtstr		db	"This is our string: %s", 10, 0
     7 00000009 757220737472696E67-
     7 00000012 3A2025730A00       
     8 00000018 48656C6C6F2C20576F-     	message1	db	"Hello, World!", 0
     8 00000021 726C642100         
     9                                  
    10                                  section .bss
    11                                  section .text
    12                                  	global main
    13                                  	main:
    14                                  		; print string using printf
    15 00000000 55                      		push rbp
    16 00000001 4889E5                  		mov rbp, rsp
    17 00000004 48BF-                   		mov rdi, fmtstr
    17 00000006 [0000000000000000] 
    18 0000000E 48BE-                   		mov rsi, message1
    18 00000010 [1800000000000000] 
    19 00000018 E8(00000000)            		call printf
    20                                  
    21                                  	exit:
    22                                  		; cleanup stack
    23 0000001D 4889EC                  		mov rsp, rbp
    24 00000020 5D                      		pop rbp
    25                                  		; syscall exit with return code 0
    26 00000021 B83C000000              		mov rax, 60
    27 00000026 BF00000000              		mov rdi, 0
    28 0000002B 0F05                    		syscall
