     1                                  section	.data
     2 00000000 48656C6C6F2C20576F-     	message1		db 	"Hello, World!", 10, 0
     2 00000009 726C64210A00       
     3                                  	message1Len	equ $-message1-1
     4                                  	
     5 0000000F 416C69766520616E64-     	message2	db	"Alive and Kicking!", 10, 0
     5 00000018 204B69636B696E6721-
     5 00000021 0A00               
     6                                  	message2Len	equ $-message2-1
     7                                  
     8 00000023 6501000000000000        	radius		dq	357
     9 0000002B 7A008BFCFA210940        	pi			dq	3.141592	
    10                                  	
    11                                  	
    12                                  
    13                                  section	.bss
    14                                  section	.text
    15                                  	global main
    16                                  
    17                                  	main:
    18                                  		; print message1
    19 00000000 55                      		push rbp
    20 00000001 4889E5                  		mov	rbp, rsp
    21 00000004 B801000000              		mov	rax, 1
    22 00000009 BF01000000              		mov	rdi, 1
    23 0000000E 48BE-                   		mov	rsi, message1
    23 00000010 [0000000000000000] 
    24 00000018 BA0E000000              		mov rdx, message1Len
    25 0000001D 0F05                    		syscall
    26                                  
    27                                  		; print message2
    28 0000001F 4889E5                  		mov	rbp, rsp
    29 00000022 B801000000              		mov	rax, 1
    30 00000027 BF01000000              		mov	rdi, 1
    31 0000002C 48BE-                   		mov	rsi, message2
    31 0000002E [0F00000000000000] 
    32 00000036 BA13000000              		mov rdx, message2Len
    33 0000003B 0F05                    		syscall
    34                                  
    35                                  		; cleanup
    36 0000003D 4889E5                  		mov rbp, rsp
    37 00000040 5D                      		pop rbp
    38                                  
    39                                  	exit:
    40                                  		; syscall exit with return code 0 (success)
    41 00000041 B83C000000              		mov rax, 60
    42 00000046 BF00000000              		mov rdi, 0
    43 0000004B 0F05                    		syscall
